[master 042b5d4] Auto-commit: 2026-03-13 00:00:01
 5 files changed, 60 insertions(+)
 create mode 100644 MEMORY.md
 create mode 100644 logs/git-auto-commit.log
 create mode 100644 memory/heartbeat-state.json
 create mode 100755 scripts/auto-git-commit.sh
To github.com:qimf2022/openclaw.git
   48c777b..042b5d4  master -> dev
[Fri Mar 13 12:00:08 AM CST 2026] 自动提交完成
[Sat Mar 14 12:00:01 AM CST 2026] 没有变更，跳过提交
[master 5925fc7] Auto-commit: 2026-03-15 00:00:01
 1 file changed, 3 insertions(+), 3 deletions(-)
To github.com:qimf2022/openclaw.git
   a03a656..5925fc7  master -> dev
[Sun Mar 15 12:00:05 AM CST 2026] 自动提交完成
[master 5488e4b] Auto-commit: 2026-03-16 00:00:01
 2 files changed, 9 insertions(+), 3 deletions(-)
To github.com:qimf2022/openclaw.git
   1f1ecbe..5488e4b  master -> dev
[Mon Mar 16 12:00:05 AM CST 2026] 自动提交完成
[Mon Mar 16 12:00:10 AM CST 2026] 执行每周合并：dev -> master 并推送
[dev 6f48895] Auto-commit: 2026-03-17 00:00:01
 2 files changed, 4 insertions(+), 3 deletions(-)
Everything up-to-date
[Tue Mar 17 12:00:05 AM CST 2026] 自动提交完成
[dev 8adabe1] Auto-commit: 2026-03-18 00:00:01
 1 file changed, 3 insertions(+), 3 deletions(-)
To github.com:qimf2022/openclaw.git
 ! [rejected]        master -> dev (non-fast-forward)
error: failed to push some refs to 'github.com:qimf2022/openclaw.git'
hint: Updates were rejected because the tip of your current branch is behind
hint: its remote counterpart. If you want to integrate the remote changes,
hint: use 'git pull' before pushing again.
hint: See the 'Note about fast-forwards' in 'git push --help' for details.
[Wed Mar 18 12:00:05 AM CST 2026] 自动提交完成
[Wed Mar 18 12:01:10 AM CST 2026] 自动提交完成
[dev b56524e] Auto-commit: 2026-03-19 00:00:01
 2 files changed, 4 insertions(+), 3 deletions(-)
To github.com:qimf2022/openclaw.git
 ! [rejected]        master -> dev (non-fast-forward)
error: failed to push some refs to 'github.com:qimf2022/openclaw.git'
hint: Updates were rejected because the tip of your current branch is behind
hint: its remote counterpart. If you want to integrate the remote changes,
hint: use 'git pull' before pushing again.
hint: See the 'Note about fast-forwards' in 'git push --help' for details.
[Thu Mar 19 12:00:05 AM CST 2026] 自动提交完成
[Thu Mar 19 12:00:13 AM CST 2026] 开始执行每日自动Git提交任务
[Thu Mar 19 12:00:17 AM CST 2026] 自动提交完成
[dev c3b866e] Auto-commit: 2026-03-20 00:00:01
 2 files changed, 4 insertions(+), 3 deletions(-)
To github.com:qimf2022/openclaw.git
 ! [rejected]        master -> dev (non-fast-forward)
error: failed to push some refs to 'github.com:qimf2022/openclaw.git'
hint: Updates were rejected because the tip of your current branch is behind
hint: its remote counterpart. If you want to integrate the remote changes,
hint: use 'git pull' before pushing again.
hint: See the 'Note about fast-forwards' in 'git push --help' for details.
[Fri Mar 20 12:00:06 AM CST 2026] 自动提交完成
[Sat Mar 21 12:00:01 AM CST 2026] 没有变更，跳过提交
